<?xml version="1.0" encoding="UTF-8"?>
<!-- Generated by org.testng.reporters.JUnitReportReporter -->
<testsuite skipped="0" hostname="mujtab-ltp" name="Tests.UpdateUserTest" tests="1" failures="0" timestamp="10 Jul 2019 05:23:50 GMT" time="10.707" errors="0">
  <testcase name="Update_user" time="10.707" classname="Tests.UpdateUserTest"/>
</testsuite> <!-- Tests.UpdateUserTest -->
