<?xml version="1.0" encoding="UTF-8"?>
<!-- Generated by org.testng.reporters.JUnitReportReporter -->
<testsuite skipped="0" hostname="mujtab-ltp" name="Tests.CreateUserRoleTest" tests="1" failures="0" timestamp="08 Jul 2019 13:48:04 GMT" time="7.960" errors="0">
  <testcase name="Create_BU" time="7.960" classname="Tests.CreateUserRoleTest"/>
</testsuite> <!-- Tests.CreateUserRoleTest -->
