<?xml version="1.0" encoding="UTF-8"?>
<!-- Generated by org.testng.reporters.JUnitReportReporter -->
<testsuite skipped="0" hostname="mujtab-ltp" name="Tests.ViewUserRoleTest" tests="1" failures="0" timestamp="10 Jul 2019 06:16:24 GMT" time="10.835" errors="0">
  <testcase name="viewuserrole" time="10.835" classname="Tests.ViewUserRoleTest"/>
</testsuite> <!-- Tests.ViewUserRoleTest -->
