<?xml version="1.0" encoding="UTF-8"?>
<!-- Generated by org.testng.reporters.JUnitReportReporter -->
<testsuite skipped="0" hostname="mujtab-ltp" name="Tests.LoginTests" tests="2" failures="0" timestamp="26 Jun 2019 09:39:07 GMT" time="6.426" errors="0">
  <testcase name="Login_Valid" time="5.630" classname="Tests.LoginTests"/>
  <testcase name="Forgot_Password" time="0.796" classname="Tests.LoginTests"/>
</testsuite> <!-- Tests.LoginTests -->
