<?xml version="1.0" encoding="UTF-8"?>
<!-- Generated by org.testng.reporters.JUnitReportReporter -->
<testsuite skipped="0" hostname="mujtab-ltp" name="Tests.ChangePasswordTest" tests="1" failures="0" timestamp="28 Jun 2019 06:23:41 GMT" time="8.154" errors="0">
  <testcase name="changepassword" time="8.154" classname="Tests.ChangePasswordTest"/>
</testsuite> <!-- Tests.ChangePasswordTest -->
