<?xml version="1.0" encoding="UTF-8"?>
<!-- Generated by org.testng.reporters.JUnitReportReporter -->
<testsuite skipped="0" hostname="mujtab-ltp" name="Tests.UpdateBUPageTest" tests="1" failures="0" timestamp="01 Jul 2019 09:01:48 GMT" time="13.929" errors="0">
  <testcase name="updatebu" time="13.929" classname="Tests.UpdateBUPageTest"/>
</testsuite> <!-- Tests.UpdateBUPageTest -->
