<?xml version="1.0" encoding="UTF-8"?>
<!-- Generated by org.testng.reporters.JUnitReportReporter -->
<testsuite skipped="0" hostname="mujtab-ltp" name="Tests.CreateUserTest" tests="1" failures="0" timestamp="09 Jul 2019 12:18:09 GMT" time="7.865" errors="0">
  <testcase name="Create_user" time="7.865" classname="Tests.CreateUserTest"/>
</testsuite> <!-- Tests.CreateUserTest -->
