<?xml version="1.0" encoding="UTF-8"?>
<!-- Generated by org.testng.reporters.JUnitReportReporter -->
<testsuite skipped="0" hostname="mujtab-ltp" name="Tests.HomePageTest" tests="2" failures="0" timestamp="28 Jun 2019 07:35:11 GMT" time="12.235" errors="0">
  <testcase name="createBUlink" time="5.745" classname="Tests.HomePageTest"/>
  <testcase name="viewBUlink" time="6.490" classname="Tests.HomePageTest"/>
</testsuite> <!-- Tests.HomePageTest -->
