<?xml version="1.0" encoding="UTF-8"?>
<!-- Generated by org.testng.reporters.JUnitReportReporter -->
<testsuite skipped="0" hostname="mujtab-ltp" name="Tests.ViewBUPageTest" tests="1" failures="0" timestamp="10 Jul 2019 05:57:52 GMT" time="12.303" errors="0">
  <testcase name="searchBU" time="12.303" classname="Tests.ViewBUPageTest"/>
</testsuite> <!-- Tests.ViewBUPageTest -->
