<?xml version="1.0" encoding="UTF-8"?>
<!-- Generated by org.testng.reporters.JUnitReportReporter -->
<testsuite skipped="0" hostname="mujtab-ltp" name="Tests.UpdateBUPageTest" tests="1" failures="0" timestamp="04 Jul 2019 07:49:46 GMT" time="14.293" errors="0">
  <testcase name="updatebu" time="14.293" classname="Tests.UpdateBUPageTest"/>
</testsuite> <!-- Tests.UpdateBUPageTest -->
