<?xml version="1.0" encoding="UTF-8"?>
<!-- Generated by org.testng.reporters.JUnitReportReporter -->
<testsuite skipped="0" hostname="mujtab-ltp" name="Tests.HomePageTest" tests="2" failures="0" timestamp="01 Jul 2019 09:26:08 GMT" time="12.641" errors="0">
  <testcase name="createBUlink" time="5.797" classname="Tests.HomePageTest"/>
  <testcase name="viewBUlink" time="6.844" classname="Tests.HomePageTest"/>
</testsuite> <!-- Tests.HomePageTest -->
