<?xml version="1.0" encoding="UTF-8"?>
<!-- Generated by org.testng.reporters.JUnitReportReporter -->
<testsuite skipped="0" hostname="mujtab-ltp" name="Tests.CreateBUTest" tests="1" failures="0" timestamp="04 Jul 2019 07:48:19 GMT" time="24.229" errors="0">
  <testcase name="Create_BU" time="24.229" classname="Tests.CreateBUTest"/>
</testsuite> <!-- Tests.CreateBUTest -->
