<?xml version="1.0" encoding="UTF-8"?>
<!-- Generated by org.testng.reporters.JUnitReportReporter -->
<testsuite skipped="0" hostname="mujtab-ltp" name="Tests.ViewBUPageTest" tests="1" failures="0" timestamp="01 Jul 2019 09:14:06 GMT" time="8.398" errors="0">
  <testcase name="searchBU" time="8.398" classname="Tests.ViewBUPageTest"/>
</testsuite> <!-- Tests.ViewBUPageTest -->
