<?xml version="1.0" encoding="UTF-8"?>
<!-- Generated by org.testng.reporters.JUnitReportReporter -->
<testsuite skipped="0" hostname="mujtab-ltp" name="Tests.LoginTests" tests="2" failures="0" timestamp="28 Jun 2019 12:13:10 GMT" time="6.375" errors="0">
  <testcase name="Login_Valid" time="5.599" classname="Tests.LoginTests"/>
  <testcase name="Forgot_Password" time="0.776" classname="Tests.LoginTests"/>
</testsuite> <!-- Tests.LoginTests -->
