<?xml version="1.0" encoding="UTF-8"?>
<!-- Generated by org.testng.reporters.JUnitReportReporter -->
<testsuite skipped="0" hostname="mujtab-ltp" name="Tests.CreateBUTest" tests="1" failures="0" timestamp="27 Jun 2019 06:43:32 GMT" time="14.404" errors="0">
  <testcase name="Create_BU" time="14.404" classname="Tests.CreateBUTest"/>
</testsuite> <!-- Tests.CreateBUTest -->
