<?xml version="1.0" encoding="UTF-8"?>
<!-- Generated by org.testng.reporters.JUnitReportReporter -->
<testsuite skipped="0" hostname="mujtab-ltp" name="Tests.UpdateBUPageTest" tests="1" failures="0" timestamp="08 Jul 2019 14:05:55 GMT" time="13.491" errors="0">
  <testcase name="updatebu" time="13.491" classname="Tests.UpdateBUPageTest"/>
</testsuite> <!-- Tests.UpdateBUPageTest -->
