<?xml version="1.0" encoding="UTF-8"?>
<!-- Generated by org.testng.reporters.JUnitReportReporter -->
<testsuite skipped="0" hostname="mujtab-ltp" name="Tests.AssignUserRoleTest" tests="1" failures="0" timestamp="09 Jul 2019 08:15:54 GMT" time="14.602" errors="0">
  <testcase name="Assign_role" time="14.602" classname="Tests.AssignUserRoleTest"/>
</testsuite> <!-- Tests.AssignUserRoleTest -->
