<?xml version="1.0" encoding="UTF-8"?>
<!-- Generated by org.testng.reporters.JUnitReportReporter -->
<testsuite skipped="0" hostname="mujtab-ltp" name="Tests.UpdateUserRoleTest" tests="1" failures="0" timestamp="09 Jul 2019 06:54:25 GMT" time="10.865" errors="0">
  <testcase name="Update_user" time="10.865" classname="Tests.UpdateUserRoleTest"/>
</testsuite> <!-- Tests.UpdateUserRoleTest -->
